<?xml version="1.0"?>
<testsuite name="Chrome Headless 142.0.0.0 (Windows 10)" package="unit" timestamp="2025-11-07T15:47:58" id="0" hostname="Lukas" tests="2" errors="0" failures="0" time="0.039">
  <properties>
    <property name="browser.fullName" value="Mozilla/5.0 (Windows NT 10.0; Win64; x64) AppleWebKit/537.36 (KHTML, like Gecko) HeadlessChrome/142.0.0.0 Safari/537.36"/>
  </properties>
  <testcase name="AppComponent should create the app" time="0.037" classname=".AppComponent"/>
  <testcase name="JokesService should be created" time="0.002" classname=".JokesService"/>
  <system-out>
    <![CDATA[
]]>
  </system-out>
  <system-err/>
</testsuite>